<?xml version="1.0" encoding="UTF-8"?>
<!-- Generated by org.testng.reporters.JUnitReportReporter -->
<testsuite hostname="DESKTOP-542BJL2" failures="0" tests="1" name="testCases.TC_002_Login_Test_" time="10.615" errors="0" timestamp="2023-05-28T19:23:46 IST" skipped="0">
  <testcase classname="testCases.TC_002_Login_Test_" name="loginprocress" time="10.615"/>
  <system-out/>
</testsuite> <!-- testCases.TC_002_Login_Test_ -->
