<?xml version="1.0" encoding="UTF-8"?>
<!-- Generated by org.testng.reporters.JUnitReportReporter -->
<testsuite hostname="DESKTOP-542BJL2" failures="0" tests="1" name="testCases.TC_001_SearchProduct_test" time="24.539" errors="0" timestamp="2023-06-06T20:54:51 IST" skipped="0">
  <testcase classname="testCases.TC_001_SearchProduct_test" name="Searchproduct" time="24.539"/>
  <system-out/>
</testsuite> <!-- testCases.TC_001_SearchProduct_test -->
