<?xml version="1.0" encoding="UTF-8"?>
<!-- Generated by org.testng.reporters.JUnitReportReporter -->
<testsuite hostname="DESKTOP-542BJL2" failures="0" tests="1" name="testCases.TC_002_Login_Test_" time="11.269" errors="0" timestamp="2023-05-28T20:55:52 IST" skipped="0">
  <testcase classname="testCases.TC_002_Login_Test_" name="loginprocress" time="11.269"/>
  <system-out/>
</testsuite> <!-- testCases.TC_002_Login_Test_ -->
